<?xml version="1.0" encoding="UTF-8"?>
<testsuite xmlns:xsi="http://www.w3.org/2001/XMLSchema-instance" xsi:noNamespaceSchemaLocation="https://maven.apache.org/surefire/maven-surefire-plugin/xsd/surefire-test-report.xsd" name="com.paymentchain.billing.BasicApplicationTests" time="19.124" tests="2" errors="0" skipped="0" failures="2">
  <properties>
[...]
</properties>
  <testcase name="testFindById" classname="com.paymentchain.billing.BasicApplicationTests" time="0.598">
    <failure message="&#10;Expecting:&#10; &lt;&quot;&quot;&gt;&#10;to be equal to:&#10; &lt;&quot;hola&quot;&gt;&#10;but was not." type="org.opentest4j.AssertionFailedError"><![CDATA[org.opentest4j.AssertionFailedError: 

Expecting:
 <"">
to be equal to:
 <"hola">
but was not.
	at com.paymentchain.billing.BasicApplicationTests.testFindById(BasicApplicationTests.java:92)
]]></failure>
    <system-out><![CDATA[00:24:06.220 [main] DEBUG org.springframework.test.context.BootstrapUtils - Instantiating CacheAwareContextLoaderDelegate from class [org.springframework.test.context.cache.DefaultCacheAwareContextLoaderDelegate]
00:24:06.272 [main] DEBUG org.springframework.test.context.BootstrapUtils - Instantiating BootstrapContext using constructor [public org.springframework.test.context.support.DefaultBootstrapContext(java.lang.Class,org.springframework.test.context.CacheAwareContextLoaderDelegate)]
00:24:06.384 [main] DEBUG org.springframework.test.context.BootstrapUtils - Instantiating TestContextBootstrapper for test class [com.paymentchain.billing.BasicApplicationTests] from class [org.springframework.boot.test.autoconfigure.web.servlet.WebMvcTestContextBootstrapper]
00:24:06.455 [main] INFO org.springframework.boot.test.autoconfigure.web.servlet.WebMvcTestContextBootstrapper - Neither @ContextConfiguration nor @ContextHierarchy found for test class [com.paymentchain.billing.BasicApplicationTests], using SpringBootContextLoader
00:24:06.470 [main] DEBUG org.springframework.test.context.support.AbstractContextLoader - Did not detect default resource location for test class [com.paymentchain.billing.BasicApplicationTests]: class path resource [com/paymentchain/billing/BasicApplicationTests-context.xml] does not exist
00:24:06.473 [main] DEBUG org.springframework.test.context.support.AbstractContextLoader - Did not detect default resource location for test class [com.paymentchain.billing.BasicApplicationTests]: class path resource [com/paymentchain/billing/BasicApplicationTestsContext.groovy] does not exist
00:24:06.476 [main] INFO org.springframework.test.context.support.AbstractContextLoader - Could not detect default resource locations for test class [com.paymentchain.billing.BasicApplicationTests]: no resource found for suffixes {-context.xml, Context.groovy}.
00:24:06.479 [main] INFO org.springframework.test.context.support.AnnotationConfigContextLoaderUtils - Could not detect default configuration classes for test class [com.paymentchain.billing.BasicApplicationTests]: BasicApplicationTests does not declare any static, non-private, non-final, nested classes annotated with @Configuration.
00:24:06.795 [main] DEBUG org.springframework.test.context.support.ActiveProfilesUtils - Could not find an 'annotation declaring class' for annotation type [org.springframework.test.context.ActiveProfiles] and class [com.paymentchain.billing.BasicApplicationTests]
00:24:07.130 [main] DEBUG org.springframework.context.annotation.ClassPathScanningCandidateComponentProvider - Identified candidate component class: file [C:\Users\C358087\Documents\practices\devOps\billing_include_test\billing\target\classes\com\paymentchain\billing\InvoiceApplication.class]
00:24:07.134 [main] INFO org.springframework.boot.test.context.SpringBootTestContextBootstrapper - Found @SpringBootConfiguration com.paymentchain.billing.InvoiceApplication for test class com.paymentchain.billing.BasicApplicationTests
00:24:07.148 [main] DEBUG org.springframework.boot.test.autoconfigure.web.servlet.WebMvcTestContextBootstrapper - @TestExecutionListeners is not present for class [com.paymentchain.billing.BasicApplicationTests]: using defaults.
00:24:07.150 [main] INFO org.springframework.boot.test.autoconfigure.web.servlet.WebMvcTestContextBootstrapper - Loaded default TestExecutionListener class names from location [META-INF/spring.factories]: [org.springframework.boot.test.mock.mockito.MockitoTestExecutionListener, org.springframework.boot.test.mock.mockito.ResetMocksTestExecutionListener, org.springframework.boot.test.autoconfigure.restdocs.RestDocsTestExecutionListener, org.springframework.boot.test.autoconfigure.web.client.MockRestServiceServerResetTestExecutionListener, org.springframework.boot.test.autoconfigure.web.servlet.MockMvcPrintOnlyOnFailureTestExecutionListener, org.springframework.boot.test.autoconfigure.web.servlet.WebDriverTestExecutionListener, org.springframework.boot.test.autoconfigure.webservices.client.MockWebServiceServerTestExecutionListener, org.springframework.test.context.web.ServletTestExecutionListener, org.springframework.test.context.support.DirtiesContextBeforeModesTestExecutionListener, org.springframework.test.context.support.DependencyInjectionTestExecutionListener, org.springframework.test.context.support.DirtiesContextTestExecutionListener, org.springframework.test.context.transaction.TransactionalTestExecutionListener, org.springframework.test.context.jdbc.SqlScriptsTestExecutionListener, org.springframework.test.context.event.EventPublishingTestExecutionListener]
00:24:07.217 [main] INFO org.springframework.boot.test.autoconfigure.web.servlet.WebMvcTestContextBootstrapper - Using TestExecutionListeners: [org.springframework.test.context.web.ServletTestExecutionListener@3c77d488, org.springframework.test.context.support.DirtiesContextBeforeModesTestExecutionListener@63376bed, org.springframework.boot.test.mock.mockito.MockitoTestExecutionListener@4145bad8, org.springframework.boot.test.autoconfigure.SpringBootDependencyInjectionTestExecutionListener@d86a6f, org.springframework.test.context.support.DirtiesContextTestExecutionListener@2892d68, org.springframework.test.context.transaction.TransactionalTestExecutionListener@5ab956d7, org.springframework.test.context.jdbc.SqlScriptsTestExecutionListener@3646a422, org.springframework.test.context.event.EventPublishingTestExecutionListener@750e2b97, org.springframework.boot.test.mock.mockito.ResetMocksTestExecutionListener@3e27aa33, org.springframework.boot.test.autoconfigure.restdocs.RestDocsTestExecutionListener@2e385cce, org.springframework.boot.test.autoconfigure.web.client.MockRestServiceServerResetTestExecutionListener@2ddc9a9f, org.springframework.boot.test.autoconfigure.web.servlet.MockMvcPrintOnlyOnFailureTestExecutionListener@298a5e20, org.springframework.boot.test.autoconfigure.web.servlet.WebDriverTestExecutionListener@2a7f1f10, org.springframework.boot.test.autoconfigure.webservices.client.MockWebServiceServerTestExecutionListener@46cdf8bd]
00:24:07.233 [main] DEBUG org.springframework.test.context.support.AbstractDirtiesContextTestExecutionListener - Before test class: context [DefaultTestContext@1530c739 testClass = BasicApplicationTests, testInstance = [null], testMethod = [null], testException = [null], mergedContextConfiguration = [WebMergedContextConfiguration@5b1669c0 testClass = BasicApplicationTests, locations = '{}', classes = '{class com.paymentchain.billing.InvoiceApplication}', contextInitializerClasses = '[]', activeProfiles = '{}', propertySourceLocations = '{}', propertySourceProperties = '{org.springframework.boot.test.autoconfigure.web.servlet.WebMvcTestContextBootstrapper=true}', contextCustomizers = set[[ImportsContextCustomizer@78e4deb0 key = [org.springframework.boot.autoconfigure.cache.CacheAutoConfiguration, org.springframework.boot.autoconfigure.context.MessageSourceAutoConfiguration, org.springframework.boot.autoconfigure.data.web.SpringDataWebAutoConfiguration, org.springframework.boot.autoconfigure.freemarker.FreeMarkerAutoConfiguration, org.springframework.boot.autoconfigure.groovy.template.GroovyTemplateAutoConfiguration, org.springframework.boot.autoconfigure.gson.GsonAutoConfiguration, org.springframework.boot.autoconfigure.hateoas.HypermediaAutoConfiguration, org.springframework.boot.autoconfigure.http.HttpMessageConvertersAutoConfiguration, org.springframework.boot.autoconfigure.jackson.JacksonAutoConfiguration, org.springframework.boot.autoconfigure.jsonb.JsonbAutoConfiguration, org.springframework.boot.autoconfigure.mustache.MustacheAutoConfiguration, org.springframework.boot.autoconfigure.task.TaskExecutionAutoConfiguration, org.springframework.boot.autoconfigure.thymeleaf.ThymeleafAutoConfiguration, org.springframework.boot.autoconfigure.validation.ValidationAutoConfiguration, org.springframework.boot.autoconfigure.web.servlet.error.ErrorMvcAutoConfiguration, org.springframework.boot.autoconfigure.web.servlet.WebMvcAutoConfiguration, org.springframework.boot.test.autoconfigure.web.servlet.MockMvcAutoConfiguration, org.springframework.boot.test.autoconfigure.web.servlet.MockMvcWebClientAutoConfiguration, org.springframework.boot.test.autoconfigure.web.servlet.MockMvcWebDriverAutoConfiguration, org.springframework.boot.autoconfigure.security.oauth2.client.servlet.OAuth2ClientAutoConfiguration, org.springframework.boot.autoconfigure.security.oauth2.resource.servlet.OAuth2ResourceServerAutoConfiguration, org.springframework.boot.autoconfigure.security.servlet.SecurityAutoConfiguration, org.springframework.boot.autoconfigure.security.servlet.SecurityFilterAutoConfiguration, org.springframework.boot.autoconfigure.security.servlet.UserDetailsServiceAutoConfiguration, org.springframework.boot.test.autoconfigure.web.servlet.MockMvcSecurityConfiguration]], org.springframework.boot.test.context.filter.ExcludeFilterContextCustomizer@1f59a598, org.springframework.boot.test.json.DuplicateJsonObjectContextCustomizerFactory$DuplicateJsonObjectContextCustomizer@26b3fd41, org.springframework.boot.test.mock.mockito.MockitoContextCustomizer@143fc1c2, org.springframework.boot.test.autoconfigure.OverrideAutoConfigurationContextCustomizerFactory$DisableAutoConfigurationContextCustomizer@623a8092, org.springframework.boot.test.autoconfigure.filter.TypeExcludeFiltersContextCustomizer@90e29a5b, org.springframework.boot.test.autoconfigure.properties.PropertyMappingContextCustomizer@fd92272c, org.springframework.boot.test.autoconfigure.web.servlet.WebDriverContextCustomizerFactory$Customizer@2abf4075, org.springframework.boot.test.context.SpringBootTestArgs@1], resourceBasePath = 'src/main/webapp', contextLoader = 'org.springframework.boot.test.context.SpringBootContextLoader', parent = [null]], attributes = map[[empty]]], class annotated with @DirtiesContext [false] with mode [null].
00:24:07.408 [main] DEBUG org.springframework.test.context.support.TestPropertySourceUtils - Adding inlined properties to environment: {spring.jmx.enabled=false, org.springframework.boot.test.autoconfigure.web.servlet.WebMvcTestContextBootstrapper=true}

  .   ____          _            __ _ _
 /\\ / ___'_ __ _ _(_)_ __  __ _ \ \ \ \
( ( )\___ | '_ | '_| | '_ \/ _` | \ \ \ \
 \\/  ___)| |_)| | | | | || (_| |  ) ) ) )
  '  |____| .__|_| |_|_| |_\__, | / / / /
 =========|_|==============|___/=/_/_/_/
 :: Spring Boot ::        (v2.3.4.RELEASE)

2021-12-16 00:24:08.936  INFO 34232 --- [           main] c.p.billing.BasicApplicationTests        : Starting BasicApplicationTests on SMDEVCMC358087P with PID 34232 (started by C358087 in C:\Users\C358087\Documents\practices\devOps\billing_include_test\billing)
2021-12-16 00:24:08.946  INFO 34232 --- [           main] c.p.billing.BasicApplicationTests        : No active profile set, falling back to default profiles: default
2021-12-16 00:24:19.322  INFO 34232 --- [           main] o.s.s.web.DefaultSecurityFilterChain     : Creating filter chain: any request, [org.springframework.security.web.context.request.async.WebAsyncManagerIntegrationFilter@750ed637, org.springframework.security.web.context.SecurityContextPersistenceFilter@3fbe503c, org.springframework.security.web.header.HeaderWriterFilter@162c1dfb, org.springframework.web.filter.CorsFilter@5190010f, org.springframework.security.web.authentication.logout.LogoutFilter@3e214105, org.springframework.security.web.authentication.www.BasicAuthenticationFilter@3a7b2e2, org.springframework.security.web.savedrequest.RequestCacheAwareFilter@15d0d6c9, org.springframework.security.web.servletapi.SecurityContextHolderAwareRequestFilter@6042d663, org.springframework.security.web.authentication.AnonymousAuthenticationFilter@673e76b3, org.springframework.security.web.session.SessionManagementFilter@28157173, org.springframework.security.web.access.ExceptionTranslationFilter@4c302f38, org.springframework.security.web.access.intercept.FilterSecurityInterceptor@373052b5]
2021-12-16 00:24:21.349  INFO 34232 --- [           main] o.s.s.concurrent.ThreadPoolTaskExecutor  : Initializing ExecutorService 'applicationTaskExecutor'
2021-12-16 00:24:22.399  INFO 34232 --- [           main] o.s.b.t.m.w.SpringBootMockServletContext : Initializing Spring TestDispatcherServlet ''
2021-12-16 00:24:22.399  INFO 34232 --- [           main] o.s.t.web.servlet.TestDispatcherServlet  : Initializing Servlet ''
2021-12-16 00:24:22.448  INFO 34232 --- [           main] o.s.t.web.servlet.TestDispatcherServlet  : Completed initialization in 49 ms
2021-12-16 00:24:23.425  INFO 34232 --- [           main] c.p.billing.BasicApplicationTests        : Started BasicApplicationTests in 15.987 seconds (JVM running for 20.359)
Holaaa1
]]></system-out>
  </testcase>
  <testcase name="testCreate" classname="com.paymentchain.billing.BasicApplicationTests" time="1.026">
    <failure message="Status expected:&lt;200&gt; but was:&lt;404&gt;" type="java.lang.AssertionError"><![CDATA[java.lang.AssertionError: Status expected:<200> but was:<404>
	at com.paymentchain.billing.BasicApplicationTests.testCreate(BasicApplicationTests.java:77)
]]></failure>
    <system-out><![CDATA[
MockHttpServletRequest:
      HTTP Method = POST
      Request URI = /billing
       Parameters = {}
          Headers = [Content-Type:"application/json", Authorization:"Basic YWRtaW46YWRtaW4=", Content-Length:"64"]
             Body = <no character encoding set>
    Session Attrs = {SPRING_SECURITY_CONTEXT=org.springframework.security.core.context.SecurityContextImpl@fec7a227: Authentication: org.springframework.security.authentication.UsernamePasswordAuthenticationToken@fec7a227: Principal: org.springframework.security.core.userdetails.User@586034f: Username: admin; Password: [PROTECTED]; Enabled: true; AccountNonExpired: true; credentialsNonExpired: true; AccountNonLocked: true; Granted Authorities: ROLE_ADMIN,ROLE_USER; Credentials: [PROTECTED]; Authenticated: true; Details: org.springframework.security.web.authentication.WebAuthenticationDetails@957e: RemoteIpAddress: 127.0.0.1; SessionId: null; Granted Authorities: ROLE_ADMIN, ROLE_USER}

Handler:
             Type = org.springframework.web.servlet.resource.ResourceHttpRequestHandler

Async:
    Async started = false
     Async result = null

Resolved Exception:
             Type = null

ModelAndView:
        View name = null
             View = null
            Model = null

FlashMap:
       Attributes = null

MockHttpServletResponse:
           Status = 404
    Error message = null
          Headers = [Vary:"Origin", "Access-Control-Request-Method", "Access-Control-Request-Headers", X-Content-Type-Options:"nosniff", X-XSS-Protection:"1; mode=block", Cache-Control:"no-cache, no-store, max-age=0, must-revalidate", Pragma:"no-cache", Expires:"0", X-Frame-Options:"DENY"]
     Content type = null
             Body = 
    Forwarded URL = null
   Redirected URL = null
          Cookies = []

MockHttpServletRequest:
      HTTP Method = POST
      Request URI = /billing
       Parameters = {}
          Headers = [Content-Type:"application/json", Authorization:"Basic YWRtaW46YWRtaW4=", Content-Length:"64"]
             Body = <no character encoding set>
    Session Attrs = {SPRING_SECURITY_CONTEXT=org.springframework.security.core.context.SecurityContextImpl@fec7a227: Authentication: org.springframework.security.authentication.UsernamePasswordAuthenticationToken@fec7a227: Principal: org.springframework.security.core.userdetails.User@586034f: Username: admin; Password: [PROTECTED]; Enabled: true; AccountNonExpired: true; credentialsNonExpired: true; AccountNonLocked: true; Granted Authorities: ROLE_ADMIN,ROLE_USER; Credentials: [PROTECTED]; Authenticated: true; Details: org.springframework.security.web.authentication.WebAuthenticationDetails@957e: RemoteIpAddress: 127.0.0.1; SessionId: null; Granted Authorities: ROLE_ADMIN, ROLE_USER}

Handler:
             Type = org.springframework.web.servlet.resource.ResourceHttpRequestHandler

Async:
    Async started = false
     Async result = null

Resolved Exception:
             Type = null

ModelAndView:
        View name = null
             View = null
            Model = null

FlashMap:
       Attributes = null

MockHttpServletResponse:
           Status = 404
    Error message = null
          Headers = [Vary:"Origin", "Access-Control-Request-Method", "Access-Control-Request-Headers", X-Content-Type-Options:"nosniff", X-XSS-Protection:"1; mode=block", Cache-Control:"no-cache, no-store, max-age=0, must-revalidate", Pragma:"no-cache", Expires:"0", X-Frame-Options:"DENY"]
     Content type = null
             Body = 
    Forwarded URL = null
   Redirected URL = null
          Cookies = []
]]></system-out>
  </testcase>
</testsuite>